[INFO] Scanning for projects...
[WARNING] 
[WARNING] Some problems were encountered while building the effective model for pocgit:POCGIT:war:1.0.0
[WARNING] 'dependencies.dependency.systemPath' for dsvg:SWidget:jar should not point at files within the project directory, ${project.basedir}/lib/dsvg.SWidget-1.0.0.jar will be unresolvable by dependent projects @ line 494, column 19
[WARNING] 
[WARNING] It is highly recommended to fix these problems because they threaten the stability of your build.
[WARNING] 
[WARNING] For this reason, future Maven versions might no longer support building such malformed projects.
[WARNING] 
[INFO] 
[INFO] Using the builder org.apache.maven.lifecycle.internal.builder.singlethreaded.SingleThreadedBuilder with a thread count of 1
[INFO]                                                                         
[INFO] ------------------------------------------------------------------------
[INFO] Building POCGIT 1.0.0
[INFO] ------------------------------------------------------------------------
[INFO] 
[INFO] --- xcp-validate:1.0.11:run (xcp-validate) @ POCGIT ---
[INFO] Finished validating Artifact data models in project 'POCGIT' in....218ms
[INFO] ------------------------------------------------------------------------
[INFO] BUILD SUCCESS
[INFO] ------------------------------------------------------------------------
[INFO] Total time: 2.852 s
[INFO] Finished at: 2019-07-10T17:11:36+05:30
[INFO] Final Memory: 8M/231M
[INFO] ------------------------------------------------------------------------
